[debug] [2022-07-01T15:15:52.338Z] ----------------------------------------------------------------------
[debug] [2022-07-01T15:15:52.340Z] Command:       C:\Program Files\nodejs\node.exe C:\Users\ASUS\AppData\Roaming\npm\node_modules\firebase-tools\lib\bin\firebase.js init
[debug] [2022-07-01T15:15:52.341Z] CLI Version:   10.1.0
[debug] [2022-07-01T15:15:52.341Z] Platform:      win32
[debug] [2022-07-01T15:15:52.341Z] Node Version:  v16.15.1
[debug] [2022-07-01T15:15:52.342Z] Time:          Fri Jul 01 2022 22:15:52 GMT+0700 (Indochina Time)
[debug] [2022-07-01T15:15:52.343Z] ----------------------------------------------------------------------
[debug] 
[debug] [2022-07-01T15:15:52.355Z] > command requires scopes: ["email","openid","https://www.googleapis.com/auth/cloudplatformprojects.readonly","https://www.googleapis.com/auth/firebase","https://www.googleapis.com/auth/cloud-platform"]
[debug] [2022-07-01T15:15:52.355Z] > authorizing via signed-in user (vanhieuu99@gmail.com)
[info] 
     ######## #### ########  ######## ########     ###     ######  ########
     ##        ##  ##     ## ##       ##     ##  ##   ##  ##       ##
     ######    ##  ########  ######   ########  #########  ######  ######
     ##        ##  ##    ##  ##       ##     ## ##     ##       ## ##
     ##       #### ##     ## ######## ########  ##     ##  ######  ########

You're about to initialize a Firebase project in this directory:

  D:\WorkSpace\CoWork

[info] 
=== Project Setup
[info] 
[info] First, let's associate this project directory with a Firebase project.
[info] You can create multiple project aliases by running firebase use --add, 
[info] but for now we'll just set up a default project.
[info] 
[debug] [2022-07-01T15:16:16.093Z] >>> [apiv2][query] GET https://firebase.googleapis.com/v1beta1/projects pageSize=100
[debug] [2022-07-01T15:16:17.424Z] <<< [apiv2][status] GET https://firebase.googleapis.com/v1beta1/projects 200
[debug] [2022-07-01T15:16:17.425Z] <<< [apiv2][body] GET https://firebase.googleapis.com/v1beta1/projects [omitted]
